#
# A fatal error has been detected by the Java Runtime Environment:
#
#  EXCEPTION_ACCESS_VIOLATION (0xc0000005) at pc=0x00007ffabdc94c8a, pid=19776, tid=7488
#
# JRE version: OpenJDK Runtime Environment (15.0.2+7) (build 15.0.2+7-27)
# Java VM: OpenJDK 64-Bit Server VM (15.0.2+7-27, mixed mode, tiered, compressed oops, g1 gc, windows-amd64)
# Problematic frame:
# C  [ig12icd64.dll+0xf4c8a]
#
# No core dump will be written. Minidumps are not enabled by default on client versions of Windows
#
# If you would like to submit a bug report, please visit:
#   https://bugreport.java.com/bugreport/crash.jsp
# The crash happened outside the Java Virtual Machine in native code.
# See problematic frame for where to report the bug.
#

---------------  S U M M A R Y ------------

Command Line: -XX:+ShowCodeDetailsInExceptionMessages -agentlib:jdwp=transport=dt_socket,suspend=y,address=localhost:63150 -Djava.library.path=D:\Workspace Java\Code-TimeRewind\Workspace\CodeTimeRewind\libs\native\windows -javaagent:D:\Eclipse IDE\eclipse\configuration\org.eclipse.osgi\222\0\.cp\lib\javaagent-shaded.jar -Dfile.encoding=UTF-8 main.Main

Host: 11th Gen Intel(R) Core(TM) i7-1165G7 @ 2.80GHz, 8 cores, 15G,  Windows 10 , 64 bit Build 19041 (10.0.19041.928)
Time: Tue Apr 27 11:56:08 2021 Europe de l’Ouest (heure d’été) elapsed time: 257.028187 seconds (0d 0h 4m 17s)

---------------  T H R E A D  ---------------

Current thread (0x000001f92a79a880):  JavaThread "JDWP Transport Listener: dt_socket" daemon [_thread_in_native, id=7488, stack(0x0000003000900000,0x0000003000a00000)]

Stack: [0x0000003000900000,0x0000003000a00000],  sp=0x00000030009fe430,  free space=1017k
Native frames: (J=compiled Java code, j=interpreted, Vv=VM code, C=native code)
C  [ig12icd64.dll+0xf4c8a]
