#
# A fatal error has been detected by the Java Runtime Environment:
#
#  EXCEPTION_ACCESS_VIOLATION (0xc0000005) at pc=0x00007ffabc1e4c8a, pid=2592, tid=10284
#
# JRE version: OpenJDK Runtime Environment (15.0.2+7) (build 15.0.2+7-27)
# Java VM: OpenJDK 64-Bit Server VM (15.0.2+7-27, mixed mode, tiered, compressed oops, g1 gc, windows-amd64)
# Problematic frame:
# C  [ig12icd64.dll+0xf4c8a]
#
# No core dump will be written. Minidumps are not enabled by default on client versions of Windows
#
# If you would like to submit a bug report, please visit:
#   https://bugreport.java.com/bugreport/crash.jsp
# The crash happened outside the Java Virtual Machine in native code.
# See problematic frame for where to report the bug.
#

---------------  S U M M A R Y ------------

Command Line: -XX:+ShowCodeDetailsInExceptionMessages -agentlib:jdwp=transport=dt_socket,suspend=y,address=localhost:63567 -Djava.library.path=D:\Workspace Java\Code-TimeRewind\Workspace\CodeTimeRewind\libs\native\windows -javaagent:D:\Eclipse IDE\eclipse\configuration\org.eclipse.osgi\222\0\.cp\lib\javaagent-shaded.jar -Dfile.encoding=UTF-8 main.Main

Host: 11th Gen Intel(R) Core(TM) i7-1165G7 @ 2.80GHz, 8 cores, 15G,  Windows 10 , 64 bit Build 19041 (10.0.19041.928)
Time: Mon Apr 26 14:46:07 2021 Europe de l’Ouest (heure d’été) elapsed time: 212.334934 seconds (0d 0h 3m 32s)

---------------  T H R E A D  ---------------

Current thread (0x000002422be133c0):  JavaThread "JDWP Transport Listener: dt_socket" daemon [_thread_in_native, id=10284, stack(0x00000066c4b00000,0x00000066c4c00000)]

Stack: [0x00000066c4b00000,0x00000066c4c00000],  sp=0x00000066c4bfe480,  free space=1017k
Native frames: (J=compiled Java code, j=interpreted, Vv=VM code, C=native code)
C