#
# A fatal error has been detected by the Java Runtime Environment:
#
#  EXCEPTION_ACCESS_VIOLATION (0xc0000005) at pc=0x00007ff9244c1c60, pid=35332, tid=14360
#
# JRE version: OpenJDK Runtime Environment (15.0.1+9) (build 15.0.1+9-18)
# Java VM: OpenJDK 64-Bit Server VM (15.0.1+9-18, mixed mode, tiered, compressed oops, g1 gc, windows-amd64)
# Problematic frame:
# C  [ig9icd64.dll+0x151c60]
#
# No core dump will be written. Minidumps are not enabled by default on client versions of Windows
#
# If you would like to submit a bug report, please visit:
#   https://bugreport.java.com/bugreport/crash.jsp
# The crash happened outside the Java Virtual Machine in native code.
# See problematic frame for where to report the bug.
#

---------------  S U M M A R Y ------------

Command Line: -Djava.library.path=C:\Projet TPI\Code-TimeRewind\Workspace\CodeTimeRewind\libs\native\windows -Dfile.encoding=UTF-8 -XX:+ShowCodeDetailsInExceptionMessages main.Main

Host: Intel(R) Core(TM) i7-6700 CPU @ 3.40GHz, 8 cores, 15G,  Windows 10 , 64 bit Build 18362 (10.0.18362.1350)
Time: Mon Mar 22 15:48:07 2021 Europe de l?Ouest elapsed time: 30.706372 seconds (0d 0h 0m 30s)

---------------  T H R E A D  ---------------

Current thread (0x00000214a9a78640):  JavaThread "main" [_thread_in_native, id=14360, stack(0x0000008717900000,0x0000008717a00000)]

Stack: [0x0000008717900000,0x0000008717a00000],  sp=0x00000087179fdd70,  free space=1015k
Native frames: (J=compiled Java code, j=interpreted, Vv=VM code, C=native code)
C  [ig9icd64.dll+0x151c60]

Java frames: (J=compiled Java code, j=interpreted, Vv=VM code)
j  org.lwjgl.opengl.GL11.nglTexImage2D(IIIIIIIIJJ)V+0
J 3581 c1 org.lwjgl.opengl.GL11.glTexImage2D(IIIIIIIILjava/nio/ByteBuffer;)V (67 bytes) @ 0x00000214ae08dcc4 [0x00000214ae08d0c0+0x0000000000000c04]
J 3580 c1 org.newdawn.slick.opengl.renderer.ImmediateModeOGLRenderer.glTexImage2D(IIIIIIIILjava/nio/ByteBuffer;)V (19 bytes) @ 0x00000214ae08cbe4 [0x00000214ae08cb40+0x00000000000000a4]
J 3588 c1 org.newdawn.slick.util.BufferedImageUtil.getTexture(Ljava/lang/String;Ljava/awt/image/BufferedImage;IIII)Lorg/newdawn/slick/opengl/Texture; (298 bytes) @ 0x00000214ae092cec [0x00000214ae090fa0+0x0000000000001d4c]
J 3569 c2 org.newdawn.slick.TrueTypeFont.createSet([C)V (361 bytes) @ 0x00000214b511df08 [0x00000214b511d440+0x0000000000000ac8]
J 3546 c1 org.newdawn.slick.TrueTypeFont.<init>(Ljava/awt/Font;Z[C)V (76 bytes) @ 0x00000214ae073864 [0x00000214ae0733c0+0x00000000000004a4]
J 3565 c1 view.guis.GuiAdventure.render(Lorg/newdawn/slick/GameContainer;Lorg/newdawn/slick/state/StateBasedGame;Lorg/newdawn/slick/Graphics;)V (364 bytes) @ 0x00000214ae0842cc [0x00000214ae084020+0x00000000000002ac]
J 2476 c1 org.newdawn.slick.state.StateBasedGame.render(Lorg/newdawn/slick/GameContainer;Lorg/newdawn/slick/Graphics;)V (107 bytes) @ 0x00000214ade84824 [0x00000214ade84420+0x0000000000000404]
J 2453 c1 org.newdawn.slick.GameContainer.updateAndRender(I)V (406 bytes) @ 0x00000214ade7904c [0x00000214ade781c0+0x0000000000000e8c]
J 2451 c1 org.newdawn.slick.AppGameContainer.gameLoop()V (81 bytes) @ 0x00000214ade76c9c [0x00000214ade76a40+0x000000000000025c]
j  org.newdawn.slick.AppGameContainer.start()V+17
j  main.Main.main([Ljava/lang/String;)V+61
v  ~StubRoutines::call_stub

siginfo: EXCEPTION_ACCESS_VIOLATION (0xc0000005), reading address 0x00000214d9382040


Register to memory mapping:

RIP=0x00007ff9244c1c60 ig9icd64.dll
RAX=0x0 is NULL
RBX=0x00000087179fde60 is pointing into the stack for thread: 0x00000214a9a78640
RCX=0x0 is NULL
RDX=0x00000214d9382040 is an unknown value
RSP=0x00000087179fdd70 is pointing into the stack for thread: 0x00000214a9a78640
RBP=0x00000087179fded0 is pointing into the stack for thread: 0x00000214a9a78640
RSI=0x00000214e28b0000 points into unknown readable memory: 0x01ffffff01ffffff | ff ff ff 01 ff ff ff 01
RDI=0x00000214e28b0000 points into unknown readable memory: 0x01ffffff01ffffff | ff ff ff 01 ff ff ff 01
R8 =0x0000000000100000 is an unknown value
R9 =0x0000000000002000 is an unknown value
R10=0x0 is NULL
R11=0x00000214ca8d1d24 points into unknown readable memory: 00 00 00 00
R12=0x0 is NULL
R13=0x00000087179fdff0 is pointing into the stack for thread: 0x00000214a9a78640
R14=0x0000000000000200 is an unknown value
R15=0x00000000000001c1 is an unknown value


Registers:
RAX=0x0000000000000000, RBX=0x00000087179fde60, RCX=0x0000000000000000, RDX=0x00000214d9382040
RSP=0x00000087179fdd70, RBP=0x00000087179fded0, RSI=0x00000214e28b0000, RDI=0x00000214e28b0000
R8 =0x0000000000100000, R9 =0x0000000000002000, R10=0x0000000000000000, R11=0x00000214ca8d1d24
R12=0x0000000000000000, R13=0x00000087179fdff0, R14=0x0000000000000200, R15=0x00000000000001c1
RIP=0x00007ff9244c1c60, EFLAGS=0x0000000000010206

Top of Stack: (sp=0x00000087179fdd70)
0x00000087179fdd70:   000000000024b038 0000000000000000
0x00000087179fdd80:   00000000002b4cd8 0000000000000000
0x00000087179fdd90:   00000214d9382040 00007ff92485e95c
0x00000087179fdda0:   00000087179fdf50 00000214d9382040
0x00000087179fddb0:   00007ff92485e600 00000087179fdff0
0x00000087179fddc0:   0000000000000000 00007ff92486128b
0x00000087179fddd0:   00000087179fded0 00000087179fdfb0
0x00000087179fdde0:   00000214e28b0000 00007ff92485f910
0x00000087179fddf0:   4000560040000049 0000000000000001
0x00000087179fde00:   00000214d9382040 0000000000000000
0x00000087179fde10:   0000000000000000 00007ff92439075b
0x00000087179fde20:   00000214cb0a8570 0000000000000001
0x00000087179fde30:   00000214ca83c550 0000000000000001
0x00000087179fde40:   0000000000000001 0000000000000000
0x00000087179fde50:   00000000179fdf00 00000214ca76d030
0x00000087179fde60:   00007ff924dbbb20 00000214ca8b9040 

Instructions: (pc=0x00007ff9244c1c60)
0x00007ff9244c1b60:   0f be c0 66 0f 6e c0 66 0f 60 c0 66 0f 61 c0 66
0x00007ff9244c1b70:   0f 70 c0 00 66 0f 64 c8 66 0f f7 d1 49 03 f9 41
0x00007ff9244c1b80:   8b c1 44 8b d1 4c 2b c0 0f 29 74 24 10 4d 8b c8
0x00007ff9244c1b90:   0f 29 3c 24 49 c1 e9 07 f6 c2 0f 0f 84 af 00 00
0x00007ff9244c1ba0:   00 4d 85 c9 74 6b 66 66 0f 1f 84 00 00 00 00 00
0x00007ff9244c1bb0:   f3 0f 6f 3a 41 ff c2 f3 0f 6f 72 10 41 8b c2 f3
0x00007ff9244c1bc0:   0f 6f 6a 20 f3 0f 6f 62 30 f3 0f 6f 5a 40 f3 0f
0x00007ff9244c1bd0:   6f 52 50 f3 0f 6f 4a 60 f3 0f 6f 42 70 66 0f e7
0x00007ff9244c1be0:   3f 66 0f e7 77 10 66 0f e7 6f 20 66 0f e7 67 30
0x00007ff9244c1bf0:   66 0f e7 5f 40 66 0f e7 57 50 66 0f e7 4f 60 66
0x00007ff9244c1c00:   0f e7 47 70 48 83 ef 80 48 83 ea 80 49 3b c1 72
0x00007ff9244c1c10:   9f 41 83 e0 7f 0f 84 e0 00 00 00 45 8b d0 44 8b
0x00007ff9244c1c20:   c9 49 c1 ea 04 4d 85 d2 0f 84 cd 00 00 00 66 90
0x00007ff9244c1c30:   f3 0f 6f 02 41 ff c1 48 83 c2 10 41 8b c1 66 0f
0x00007ff9244c1c40:   e7 07 48 83 c7 10 49 3b c2 72 e5 e9 ab 00 00 00
0x00007ff9244c1c50:   4d 85 c9 74 6c 66 66 66 0f 1f 84 00 00 00 00 00
0x00007ff9244c1c60:   f3 0f 6f 3a 41 ff c2 f3 0f 6f 72 10 f3 0f 6f 6a
0x00007ff9244c1c70:   20 f3 0f 6f 62 30 f3 0f 6f 5a 40 f3 0f 6f 52 50
0x00007ff9244c1c80:   f3 0f 6f 4a 60 f3 0f 6f 42 70 48 83 ea 80 66 0f
0x00007ff9244c1c90:   e7 3f 66 0f e7 77 10 66 0f e7 6f 20 66 0f e7 67
0x00007ff9244c1ca0:   30 66 0f e7 5f 40 66 0f e7 57 50 66 0f e7 4f 60
0x00007ff9244c1cb0:   66 0f e7 47 70 48 83 ef 80 41 8b c2 49 3b c1 72
0x00007ff9244c1cc0:   9f 41 83 e0 7f 74 34 45 8b d0 44 8b c9 49 c1 ea
0x00007ff9244c1cd0:   04 4d 85 d2 74 25 66 66 0f 1f 84 00 00 00 00 00
0x00007ff9244c1ce0:   f3 0f 6f 02 41 ff c1 66 0f e7 07 48 83 c7 10 41
0x00007ff9244c1cf0:   8b c1 48 83 c2 10 49 3b c2 72 e5 0f 28 74 24 10
0x00007ff9244c1d00:   0f 28 3c 24 41 83 e0 0f 74 49 45 8b d0 44 8b c9
0x00007ff9244c1d10:   49 c1 ea 02 4d 85 d2 74 1e 0f 1f 80 00 00 00 00
0x00007ff9244c1d20:   8b 02 41 ff c1 89 07 48 83 c2 04 48 83 c7 04 41
0x00007ff9244c1d30:   8b c1 49 3b c2 72 e9 41 83 e0 03 76 16 48 2b d7
0x00007ff9244c1d40:   0f b6 04 3a ff c1 88 07 48 8d 7f 01 8b c1 49 3b
0x00007ff9244c1d50:   c0 72 ed 48 83 c4 20 5f c3 cc cc cc cc cc cc cc 


Stack slot to memory mapping:
stack at sp + 0 slots: 2404408 is a compressed pointer to class: 0x000000080024b038
sun.java2d.loops.GraphicsPrimitiveMgr$2 {0x000000080024b040}
stack at sp + 1 slots: 0x0 is NULL
stack at sp + 2 slots: 2837720 is a compressed pointer to class: 0x00000008002b4cd8
sun.font.CMap$CMapFormat12 {0x00000008002b4ce0}
stack at sp + 3 slots: 0x0 is NULL
stack at sp + 4 slots: 0x00000214d9382040 is an unknown value
stack at sp + 5 slots: 0x00007ff92485e95c ig9icd64.dll
stack at sp + 6 slots: 0x00000087179fdf50 is pointing into the stack for thread: 0x00000214a9a78640
stack at sp + 7 slots: 0x00000214d9382040 is an unknown value


---------------  P R O C E S S  ---------------

Threads class SMR info:
_java_thread_list=0x00000214cadbdda0, length=16, elements={
0x00000214a9a78640, 0x00000214c919c020, 0x00000214c919f060, 0x00000214c9188790,
0x00000214c9189050, 0x00000214c91c5a70, 0x00000214c91b6cc0, 0x00000214c91b75c0,
0x00000214c91dd5b0, 0x00000214c9356c30, 0x00000214c9357ca0, 0x00000214c9cc2ec0,
0x00000214c9d72720, 0x00000214cac953a0, 0x00000214cacbafa0, 0x00000214d9f8bf10
}

Java Threads: ( => current thread )
=>0x00000214a9a78640 JavaThread "main" [_thread_in_native, id=14360, stack(0x0000008717900000,0x0000008717a00000)]
  0x00000214c919c020 JavaThread "Reference Handler" daemon [_thread_blocked, id=35068, stack(0x0000008718000000,0x0000008718100000)]
  0x00000214c919f060 JavaThread "Finalizer" daemon [_thread_blocked, id=34396, stack(0x0000008718100000,0x0000008718200000)]
  0x00000214c9188790 JavaThread "Signal Dispatcher" daemon [_thread_blocked, id=1764, stack(0x0000008718200000,0x0000008718300000)]
  0x00000214c9189050 JavaThread "Attach Listener" daemon [_thread_blocked, id=31820, stack(0x0000008718300000,0x0000008718400000)]
  0x00000214c91c5a70 JavaThread "Service Thread" daemon [_thread_blocked, id=3160, stack(0x0000008718400000,0x0000008718500000)]
  0x00000214c91b6cc0 JavaThread "C2 CompilerThread0" daemon [_thread_blocked, id=34592, stack(0x0000008718500000,0x0000008718600000)]
  0x00000214c91b75c0 JavaThread "C1 CompilerThread0" daemon [_thread_blocked, id=28096, stack(0x0000008718600000,0x0000008718700000)]
  0x00000214c91dd5b0 JavaThread "Sweeper thread" daemon [_thread_blocked, id=18780, stack(0x0000008718700000,0x0000008718800000)]
  0x00000214c9356c30 JavaThread "Notification Thread" daemon [_thread_blocked, id=31108, stack(0x0000008718800000,0x0000008718900000)]
  0x00000214c9357ca0 JavaThread "Common-Cleaner" daemon [_thread_blocked, id=8240, stack(0x0000008718a00000,0x0000008718b00000)]
  0x00000214c9cc2ec0 JavaThread "Timer-0" daemon [_thread_blocked, id=19408, stack(0x0000008718b00000,0x0000008718c00000)]
  0x00000214c9d72720 JavaThread "derby.rawStoreDaemon" daemon [_thread_blocked, id=3276, stack(0x0000008718c00000,0x0000008718d00000)]
  0x00000214cac953a0 JavaThread "Java2D Disposer" daemon [_thread_blocked, id=12844, stack(0x0000008719700000,0x0000008719800000)]
  0x00000214cacbafa0 JavaThread "AWT-Windows" daemon [_thread_in_native, id=28700, stack(0x0000008719900000,0x0000008719a00000)]
  0x00000214d9f8bf10 JavaThread "LWJGL Timer" daemon [_thread_blocked, id=12504, stack(0x0000008718d00000,0x0000008718e00000)]

Other Threads:
  0x00000214c9164a70 VMThread "VM Thread" [stack: 0x0000008717f00000,0x0000008718000000] [id=31388]
  0x00000214c932b620 WatcherThread [stack: 0x0000008718900000,0x0000008718a00000] [id=31600]
  0x00000214a9ac9260 GCTaskThread "GC Thread#0" [stack: 0x0000008717a00000,0x0000008717b00000] [id=34108]
  0x00000214c9679090 GCTaskThread "GC Thread#1" [stack: 0x0000008718e00000,0x0000008718f00000] [id=28028]
  0x00000214c96793c0 GCTaskThread "GC Thread#2" [stack: 0x0000008718f00000,0x0000008719000000] [id=32036]
  0x00000214c967b070 GCTaskThread "GC Thread#3" [stack: 0x0000008719000000,0x0000008719100000] [id=10180]
  0x00000214c967aa10 GCTaskThread "GC Thread#4" [stack: 0x0000008719100000,0x0000008719200000] [id=13512]
  0x00000214c96796f0 GCTaskThread "GC Thread#5" [stack: 0x0000008719200000,0x0000008719300000] [id=35088]
  0x00000214a9adb970 ConcurrentGCThread "G1 Main Marker" [stack: 0x0000008717b00000,0x0000008717c00000] [id=30284]
  0x00000214a9add500 ConcurrentGCThread "G1 Conc#0" [stack: 0x0000008717c00000,0x0000008717d00000] [id=6184]
  0x00000214c967a6e0 ConcurrentGCThread "G1 Conc#1" [stack: 0x0000008719600000,0x0000008719700000] [id=6120]
  0x00000214a9b328c0 ConcurrentGCThread "G1 Refine#0" [stack: 0x0000008717d00000,0x0000008717e00000] [id=30400]
  0x00000214a9b33450 ConcurrentGCThread "G1 Young RemSet Sampling" [stack: 0x0000008717e00000,0x0000008717f00000] [id=12664]

Threads with active compile tasks:

VM state: not at safepoint (normal execution)

VM Mutex/Monitor currently owned by a thread: None

Heap address: 0x0000000702000000, size: 4064 MB, Compressed Oops mode: Zero based, Oop shift amount: 3
CDS disabled.
Compressed class space mapped at: 0x0000000800000000-0x0000000840000000, size: 1073741824
Narrow klass base: 0x0000000800000000, Narrow klass shift: 0, Narrow klass range: 0x40000000

GC Precious Log:
 CPUs: 8 total, 8 available
 Memory: 16248M
 Large Page Support: Disabled
 NUMA Support: Disabled
 Compressed Oops: Enabled (Zero based)
 Heap Region Size: 2M
 Heap Min Capacity: 8M
 Heap Initial Capacity: 254M
 Heap Max Capacity: 4064M
 Pre-touch: Disabled
 Parallel Workers: 8
 Concurrent Workers: 2
 Concurrent Refinement Workers: 8
 Periodic GC: Disabled

Heap:
 garbage-first heap   total 202752K, used 23635K [0x0000000702000000, 0x0000000800000000)
  region size 2048K, 2 young (4096K), 1 survivors (2048K)
 Metaspace       used 28000K, capacity 28375K, committed 28592K, reserved 1075200K
  class space    used 2624K, capacity 2816K, committed 2816K, reserved 1048576K

Heap Regions: E=young(eden), S=young(survivor), O=old, HS=humongous(starts), HC=humongous(continues), CS=collection set, F=free, OA=open archive, CA=closed archive, TAMS=top-at-mark-start (previous, next)
|   0|0x0000000702000000, 0x0000000702200000, 0x0000000702200000|100%| O|  |TAMS 0x0000000702200000, 0x0000000702000000| Untracked 
|   1|0x0000000702200000, 0x00000007023d4800, 0x0000000702400000| 91%| O|  |TAMS 0x00000007023d4800, 0x0000000702200000| Untracked 
|   2|0x0000000702400000, 0x0000000702600000, 0x0000000702600000|100%|HS|  |TAMS 0x0000000702400000, 0x0000000702400000| Complete 
|   3|0x0000000702600000, 0x0000000702600000, 0x0000000702800000|  0%| F|  |TAMS 0x0000000702600000, 0x0000000702600000| Untracked 
|   4|0x0000000702800000, 0x0000000702a00000, 0x0000000702a00000|100%|HS|  |TAMS 0x0000000702800000, 0x0000000702800000| Complete 
|   5|0x0000000702a00000, 0x0000000702a00000, 0x0000000702c00000|  0%| F|  |TAMS 0x0000000702a00000, 0x0000000702a00000| Untracked 
|   6|0x0000000702c00000, 0x0000000702e00000, 0x0000000702e00000|100%| O|  |TAMS 0x0000000702e00000, 0x0000000702c00000| Untracked 
|   7|0x0000000702e00000, 0x0000000702e7e600, 0x0000000703000000| 24%| O|  |TAMS 0x0000000702e7e600, 0x0000000702e00000| Untracked 
|   8|0x0000000703000000, 0x0000000703000000, 0x0000000703200000|  0%| F|  |TAMS 0x0000000703000000, 0x0000000703000000| Untracked 
|   9|0x0000000703200000, 0x0000000703400000, 0x0000000703400000|100%|HS|  |TAMS 0x0000000703200000, 0x0000000703200000| Complete 
|  10|0x0000000703400000, 0x0000000703400000, 0x0000000703600000|  0%| F|  |TAMS 0x0000000703400000, 0x0000000703400000| Untracked 
|  11|0x0000000703600000, 0x0000000703600000, 0x0000000703800000|  0%| F|  |TAMS 0x0000000703600000, 0x0000000703600000| Untracked 
|  12|0x0000000703800000, 0x0000000703a00000, 0x0000000703a00000|100%|HS|  |TAMS 0x0000000703800000, 0x0000000703800000| Complete 
|  13|0x0000000703a00000, 0x0000000703a00000, 0x0000000703c00000|  0%| F|  |TAMS 0x0000000703a00000, 0x0000000703a00000| Untracked 
|  14|0x0000000703c00000, 0x0000000703c00000, 0x0000000703e00000|  0%| F|  |TAMS 0x0000000703c00000, 0x0000000703c00000| Untracked 
|  15|0x0000000703e00000, 0x0000000704000000, 0x0000000704000000|100%|HS|  |TAMS 0x0000000703e00000, 0x0000000703e00000| Complete 
|  16|0x0000000704000000, 0x0000000704000000, 0x0000000704200000|  0%| F|  |TAMS 0x0000000704000000, 0x0000000704000000| Untracked 
|  17|0x0000000704200000, 0x0000000704200000, 0x0000000704400000|  0%| F|  |TAMS 0x0000000704200000, 0x0000000704200000| Untracked 
|  18|0x0000000704400000, 0x0000000704600000, 0x0000000704600000|100%|HS|  |TAMS 0x0000000704400000, 0x0000000704400000| Complete 
|  19|0x0000000704600000, 0x0000000704600000, 0x0000000704800000|  0%| F|  |TAMS 0x0000000704600000, 0x0000000704600000| Untracked 
|  20|0x0000000704800000, 0x0000000704800000, 0x0000000704a00000|  0%| F|  |TAMS 0x0000000704800000, 0x0000000704800000| Untracked 
|  21|0x0000000704a00000, 0x0000000704a00000, 0x0000000704c00000|  0%| F|  |TAMS 0x0000000704a00000, 0x0000000704a00000| Untracked 
|  22|0x0000000704c00000, 0x0000000704e00000, 0x0000000704e00000|100%|HS|  |TAMS 0x0000000704c00000, 0x0000000704c00000| Complete 
|  23|0x0000000704e00000, 0x0000000704e00000, 0x0000000705000000|  0%| F|  |TAMS 0x0000000704e00000, 0x0000000704e00000| Untracked 
|  24|0x0000000705000000, 0x0000000705000000, 0x0000000705200000|  0%| F|  |TAMS 0x0000000705000000, 0x0000000705000000| Untracked 
|  25|0x0000000705200000, 0x0000000705400000, 0x0000000705400000|100%|HS|  |TAMS 0x0000000705200000, 0x0000000705200000| Complete 
|  26|0x0000000705400000, 0x0000000705400000, 0x0000000705600000|  0%| F|  |TAMS 0x0000000705400000, 0x0000000705400000| Untracked 
|  27|0x0000000705600000, 0x0000000705600000, 0x0000000705800000|  0%| F|  |TAMS 0x0000000705600000, 0x0000000705600000| Untracked 
|  28|0x0000000705800000, 0x0000000705800000, 0x0000000705a00000|  0%| F|  |TAMS 0x0000000705800000, 0x0000000705800000| Untracked 
|  29|0x0000000705a00000, 0x0000000705a00000, 0x0000000705c00000|  0%| F|  |TAMS 0x0000000705a00000, 0x0000000705a00000| Untracked 
|  30|0x0000000705c00000, 0x0000000705c00000, 0x0000000705e00000|  0%| F|  |TAMS 0x0000000705c00000, 0x0000000705c00000| Untracked 
|  31|0x0000000705e00000, 0x0000000705e00000, 0x0000000706000000|  0%| F|  |TAMS 0x0000000705e00000, 0x0000000705e00000| Untracked 
|  32|0x0000000706000000, 0x0000000706000000, 0x0000000706200000|  0%| F|  |TAMS 0x0000000706000000, 0x0000000706000000| Untracked 
|  33|0x0000000706200000, 0x0000000706200000, 0x0000000706400000|  0%| F|  |TAMS 0x0000000706200000, 0x0000000706200000| Untracked 
|  34|0x0000000706400000, 0x0000000706400000, 0x0000000706600000|  0%| F|  |TAMS 0x0000000706400000, 0x0000000706400000| Untracked 
|  35|0x0000000706600000, 0x0000000706600000, 0x0000000706800000|  0%| F|  |TAMS 0x0000000706600000, 0x0000000706600000| Untracked 
|  36|0x0000000706800000, 0x0000000706800000, 0x0000000706a00000|  0%| F|  |TAMS 0x0000000706800000, 0x0000000706800000| Untracked 
|  37|0x0000000706a00000, 0x0000000706a00000, 0x0000000706c00000|  0%| F|  |TAMS 0x0000000706a00000, 0x0000000706a00000| Untracked 
|  38|0x0000000706c00000, 0x0000000706c00000, 0x0000000706e00000|  0%| F|  |TAMS 0x0000000706c00000, 0x0000000706c00000| Untracked 
|  39|0x0000000706e00000, 0x0000000706e4dfa0, 0x0000000707000000| 15%| S|CS|TAMS 0x0000000706e00000, 0x0000000706e00000| Complete 
|  40|0x0000000707000000, 0x0000000707000000, 0x0000000707200000|  0%| F|  |TAMS 0x0000000707000000, 0x0000000707000000| Untracked 
|  41|0x0000000707200000, 0x0000000707200000, 0x0000000707400000|  0%| F|  |TAMS 0x0000000707200000, 0x0000000707200000| Untracked 
|  42|0x0000000707400000, 0x0000000707400000, 0x0000000707600000|  0%| F|  |TAMS 0x0000000707400000, 0x0000000707400000| Untracked 
|  43|0x0000000707600000, 0x0000000707600000, 0x0000000707800000|  0%| F|  |TAMS 0x0000000707600000, 0x0000000707600000| Untracked 
|  44|0x0000000707800000, 0x0000000707800000, 0x0000000707a00000|  0%| F|  |TAMS 0x0000000707800000, 0x0000000707800000| Untracked 
|  45|0x0000000707a00000, 0x0000000707a00000, 0x0000000707c00000|  0%| F|  |TAMS 0x0000000707a00000, 0x0000000707a00000| Untracked 
|  46|0x0000000707c00000, 0x0000000707c00000, 0x0000000707e00000|  0%| F|  |TAMS 0x0000000707c00000, 0x0000000707c00000| Untracked 
|  47|0x0000000707e00000, 0x0000000707e00000, 0x0000000708000000|  0%| F|  |TAMS 0x0000000707e00000, 0x0000000707e00000| Untracked 
|  48|0x0000000708000000, 0x0000000708000000, 0x0000000708200000|  0%| F|  |TAMS 0x0000000708000000, 0x0000000708000000| Untracked 
|  49|0x0000000708200000, 0x0000000708200000, 0x0000000708400000|  0%| F|  |TAMS 0x0000000708200000, 0x0000000708200000| Untracked 
|  50|0x0000000708400000, 0x0000000708400000, 0x0000000708600000|  0%| F|  |TAMS 0x0000000708400000, 0x0000000708400000| Untracked 
|  51|0x0000000708600000, 0x0000000708600000, 0x0000000708800000|  0%| F|  |TAMS 0x0000000708600000, 0x0000000708600000| Untracked 
|  52|0x0000000708800000, 0x0000000708800000, 0x0000000708a00000|  0%| F|  |TAMS 0x0000000708800000, 0x0000000708800000| Untracked 
|  53|0x0000000708a00000, 0x0000000708a00000, 0x0000000708c00000|  0%| F|  |TAMS 0x0000000708a00000, 0x0000000708a00000| Untracked 
|  54|0x0000000708c00000, 0x0000000708c00000, 0x0000000708e00000|  0%| F|  |TAMS 0x0000000708c00000, 0x0000000708c00000| Untracked 
|  55|0x0000000708e00000, 0x0000000708e00000, 0x0000000709000000|  0%| F|  |TAMS 0x0000000708e00000, 0x0000000708e00000| Untracked 
|  56|0x0000000709000000, 0x0000000709000000, 0x0000000709200000|  0%| F|  |TAMS 0x0000000709000000, 0x0000000709000000| Untracked 
|  57|0x0000000709200000, 0x0000000709200000, 0x0000000709400000|  0%| F|  |TAMS 0x0000000709200000, 0x0000000709200000| Untracked 
|  58|0x0000000709400000, 0x0000000709400000, 0x0000000709600000|  0%| F|  |TAMS 0x0000000709400000, 0x0000000709400000| Untracked 
|  59|0x0000000709600000, 0x0000000709600000, 0x0000000709800000|  0%| F|  |TAMS 0x0000000709600000, 0x0000000709600000| Untracked 
|  60|0x0000000709800000, 0x0000000709800000, 0x0000000709a00000|  0%| F|  |TAMS 0x0000000709800000, 0x0000000709800000| Untracked 
|  61|0x0000000709a00000, 0x0000000709a00000, 0x0000000709c00000|  0%| F|  |TAMS 0x0000000709a00000, 0x0000000709a00000| Untracked 
|  62|0x0000000709c00000, 0x0000000709c00000, 0x0000000709e00000|  0%| F|  |TAMS 0x0000000709c00000, 0x0000000709c00000| Untracked 
|  63|0x0000000709e00000, 0x0000000709e00000, 0x000000070a000000|  0%| F|  |TAMS 0x0000000709e00000, 0x0000000709e00000| Untracked 
|  64|0x000000070a000000, 0x000000070a000000, 0x000000070a200000|  0%| F|  |TAMS 0x000000070a000000, 0x000000070a000000| Untracked 
|  65|0x000000070a200000, 0x000000070a200000, 0x000000070a400000|  0%| F|  |TAMS 0x000000070a200000, 0x000000070a200000| Untracked 
|  66|0x000000070a400000, 0x000000070a400000, 0x000000070a600000|  0%| F|  |TAMS 0x000000070a400000, 0x000000070a400000| Untracked 
|  67|0x000000070a600000, 0x000000070a600000, 0x000000070a800000|  0%| F|  |TAMS 0x000000070a600000, 0x000000070a600000| Untracked 
|  68|0x000000070a800000, 0x000000070a800000, 0x000000070aa00000|  0%| F|  |TAMS 0x000000070a800000, 0x000000070a800000| Untracked 
|  69|0x000000070aa00000, 0x000000070aa00000, 0x000000070ac00000|  0%| F|  |TAMS 0x000000070aa00000, 0x000000070aa00000| Untracked 
|  70|0x000000070ac00000, 0x000000070ac00000, 0x000000070ae00000|  0%| F|  |TAMS 0x000000070ac00000, 0x000000070ac00000| Untracked 
|  71|0x000000070ae00000, 0x000000070ae00000, 0x000000070b000000|  0%| F|  |TAMS 0x000000070ae00000, 0x000000070ae00000| Untracked 
|  72|0x000000070b000000, 0x000000070b000000, 0x000000070b200000|  0%| F|  |TAMS 0x000000070b000000, 0x000000070b000000| Untracked 
|  73|0x000000070b200000, 0x000000070b200000, 0x000000070b400000|  0%| F|  |TAMS 0x000000070b200000, 0x000000070b200000| Untracked 
|  74|0x000000070b400000, 0x000000070b400000, 0x000000070b600000|  0%| F|  |TAMS 0x000000070b400000, 0x000000070b400000| Untracked 
|  75|0x000000070b600000, 0x000000070b600000, 0x000000070b800000|  0%| F|  |TAMS 0x000000070b600000, 0x000000070b600000| Untracked 
|  76|0x000000070b800000, 0x000000070b800000, 0x000000070ba00000|  0%| F|  |TAMS 0x000000070b800000, 0x000000070b800000| Untracked 
|  77|0x000000070ba00000, 0x000000070ba00000, 0x000000070bc00000|  0%| F|  |TAMS 0x000000070ba00000, 0x000000070ba00000| Untracked 
|  78|0x000000070bc00000, 0x000000070bc00000, 0x000000070be00000|  0%| F|  |TAMS 0x000000070bc00000, 0x000000070bc00000| Untracked 
|  79|0x000000070be00000, 0x000000070be00000, 0x000000070c000000|  0%| F|  |TAMS 0x000000070be00000, 0x000000070be00000| Untracked 
|  80|0x000000070c000000, 0x000000070c000000, 0x000000070c200000|  0%| F|  |TAMS 0x000000070c000000, 0x000000070c000000| Untracked 
|  81|0x000000070c200000, 0x000000070c200000, 0x000000070c400000|  0%| F|  |TAMS 0x000000070c200000, 0x000000070c200000| Untracked 
|  82|0x000000070c400000, 0x000000070c400000, 0x000000070c600000|  0%| F|  |TAMS 0x000000070c400000, 0x000000070c400000| Untracked 
|  83|0x000000070c600000, 0x000000070c600000, 0x000000070c800000|  0%| F|  |TAMS 0x000000070c600000, 0x000000070c600000| Untracked 
|  84|0x000000070c800000, 0x000000070c800000, 0x000000070ca00000|  0%| F|  |TAMS 0x000000070c800000, 0x000000070c800000| Untracked 
|  85|0x000000070ca00000, 0x000000070ca00000, 0x000000070cc00000|  0%| F|  |TAMS 0x000000070ca00000, 0x000000070ca00000| Untracked 
|  86|0x000000070cc00000, 0x000000070cc00000, 0x000000070ce00000|  0%| F|  |TAMS 0x000000070cc00000, 0x000000070cc00000| Untracked 
|  87|0x000000070ce00000, 0x000000070ce00000, 0x000000070d000000|  0%| F|  |TAMS 0x000000070ce00000, 0x000000070ce00000| Untracked 
|  88|0x000000070d000000, 0x000000070d000000, 0x000000070d200000|  0%| F|  |TAMS 0x000000070d000000, 0x000000070d000000| Untracked 
|  89|0x000000070d200000, 0x000000070d200000, 0x000000070d400000|  0%| F|  |TAMS 0x000000070d200000, 0x000000070d200000| Untracked 
|  90|0x000000070d400000, 0x000000070d400000, 0x000000070d600000|  0%| F|  |TAMS 0x000000070d400000, 0x000000070d400000| Untracked 
|  91|0x000000070d600000, 0x000000070d600000, 0x000000070d800000|  0%| F|  |TAMS 0x000000070d600000, 0x000000070d600000| Untracked 
|  92|0x000000070d800000, 0x000000070d800000, 0x000000070da00000|  0%| F|  |TAMS 0x000000070d800000, 0x000000070d800000| Untracked 
|  93|0x000000070da00000, 0x000000070da00000, 0x000000070dc00000|  0%| F|  |TAMS 0x000000070da00000, 0x000000070da00000| Untracked 
|  94|0x000000070dc00000, 0x000000070dc00000, 0x000000070de00000|  0%| F|  |TAMS 0x000000070dc00000, 0x000000070dc00000| Untracked 
|  95|0x000000070de00000, 0x000000070de00000, 0x000000070e000000|  0%| F|  |TAMS 0x000000070de00000, 0x000000070de00000| Untracked 
|  96|0x000000070e000000, 0x000000070e000000, 0x000000070e200000|  0%| F|  |TAMS 0x000000070e000000, 0x000000070e000000| Untracked 
| 126|0x0000000711c00000, 0x0000000711c00800, 0x0000000711e00000|  0%| E|  |TAMS 0x0000000711c00000, 0x0000000711c00000| Complete 
|2031|0x00000007ffe00000, 0x00000007ffe74000, 0x0000000800000000| 22%| O|  |TAMS 0x00000007ffe00000, 0x00000007ffe00000| Untracked 

Card table byte_map: [0x00000214bcfa0000,0x00000214bd790000] _byte_map_base: 0x00000214b9790000

Marking Bits (Prev, Next): (CMBitMap*) 0x00000214a9aca9b0, (CMBitMap*) 0x00000214a9aca970
 Prev Bits: [0x00000214c1f00000, 0x00000214c5e80000)
 Next Bits: [0x00000214bdf80000, 0x00000214c1f00000)

Polling page: 0x00000214a9240000

Metaspace:

Usage:
  Non-class:     24.96 MB capacity,    24.78 MB (>99%) used,   142.53 KB ( <1%) free+waste,    40.50 KB ( <1%) overhead. 
      Class:      2.75 MB capacity,     2.56 MB ( 93%) used,   178.36 KB (  6%) free+waste,    13.56 KB ( <1%) overhead. 
       Both:     27.71 MB capacity,    27.34 MB ( 99%) used,   320.89 KB (  1%) free+waste,    54.06 KB ( <1%) overhead. 

Virtual space:
  Non-class space:       26.00 MB reserved,      25.17 MB ( 97%) committed 
      Class space:        1.00 GB reserved,       2.75 MB ( <1%) committed 
             Both:        1.03 GB reserved,      27.92 MB (  3%) committed 

Chunk freelists:
   Non-Class:  89.00 KB
       Class:  0 bytes
        Both:  89.00 KB

MaxMetaspaceSize: 17179869184.00 GB
CompressedClassSpaceSize: 1.00 GB

CodeHeap 'non-profiled nmethods': size=120000Kb used=1873Kb max_used=1873Kb free=118126Kb
 bounds [0x00000214b4f50000, 0x00000214b51c0000, 0x00000214bc480000]
CodeHeap 'profiled nmethods': size=120000Kb used=6624Kb max_used=6624Kb free=113375Kb
 bounds [0x00000214ada20000, 0x00000214ae0a0000, 0x00000214b4f50000]
CodeHeap 'non-nmethods': size=5760Kb used=1504Kb max_used=1576Kb free=4255Kb
 bounds [0x00000214ad480000, 0x00000214ad6f0000, 0x00000214ada20000]
 total_blobs=4442 nmethods=3599 adapters=755
 compilation: enabled
              stopped_count=0, restarted_count=0
 full_count=0

Compilation events (20 events):
Event: 27.724 Thread 0x00000214c91b75c0 3589       3       java.awt.image.ComponentSampleModel::createDataBuffer (143 bytes)
Event: 27.724 Thread 0x00000214c91b75c0 nmethod 3589 0x00000214ae094f10 code [0x00000214ae095140, 0x00000214ae095728]
Event: 27.724 Thread 0x00000214c91b75c0 3591       3       java.awt.image.DataBuffer::<init> (44 bytes)
Event: 27.725 Thread 0x00000214c91b75c0 nmethod 3591 0x00000214ae095990 code [0x00000214ae095b40, 0x00000214ae095e68]
Event: 27.759 Thread 0x00000214c91b6cc0 3592       4       java.nio.HeapByteBuffer::put (12 bytes)
Event: 27.762 Thread 0x00000214c91b6cc0 nmethod 3592 0x00000214b5121c10 code [0x00000214b5121dc0, 0x00000214b5122278]
Event: 28.103 Thread 0x00000214c91b75c0 3593       3       java.awt.Color::<init> (88 bytes)
Event: 28.104 Thread 0x00000214c91b75c0 nmethod 3593 0x00000214ae095f90 code [0x00000214ae0961c0, 0x00000214ae096588]
Event: 28.333 Thread 0x00000214c91b6cc0 3594       4       sun.awt.image.SunWritableRaster::<init> (20 bytes)
Event: 28.337 Thread 0x00000214c91b6cc0 nmethod 3594 0x00000214b5122810 code [0x00000214b51229a0, 0x00000214b5123098]
Event: 28.632 Thread 0x00000214c91b6cc0 3595       4       sun.java2d.loops.GraphicsPrimitiveMgr::locate (104 bytes)
Event: 28.634 Thread 0x00000214c91b6cc0 nmethod 3595 0x00000214b5123390 code [0x00000214b5123540, 0x00000214b51237d8]
Event: 29.757 Thread 0x00000214c91b6cc0 3596       4       java.awt.RenderingHints::put (39 bytes)
Event: 29.759 Thread 0x00000214c91b6cc0 nmethod 3596 0x00000214b5123990 code [0x00000214b5123b40, 0x00000214b5123da8]
Event: 30.552 Thread 0x00000214c91b6cc0 3597       4       java.awt.RenderingHints$Key::hashCode (5 bytes)
Event: 30.553 Thread 0x00000214c91b6cc0 nmethod 3597 0x00000214b5124010 code [0x00000214b51241a0, 0x00000214b5124248]
Event: 30.691 Thread 0x00000214c91b75c0 3598       3       org.lwjgl.opengl.GLChecks::calculateBytesPerPixel (162 bytes)
Event: 30.691 Thread 0x00000214c91b75c0 nmethod 3598 0x00000214ae096690 code [0x00000214ae096840, 0x00000214ae096c58]
Event: 30.691 Thread 0x00000214c91b75c0 3599       3       org.lwjgl.BufferUtils::getElementSizeExponent (84 bytes)
Event: 30.694 Thread 0x00000214c91b75c0 nmethod 3599 0x00000214ae096d10 code [0x00000214ae096fa0, 0x00000214ae098068]

GC Heap History (20 events):
Event: 28.457 GC heap before
{Heap before GC invocations=104 (full 0):
 garbage-first heap   total 202752K, used 175218K [0x0000000702000000, 0x0000000800000000)
  region size 2048K, 59 young (120832K), 1 survivors (2048K)
 Metaspace       used 28000K, capacity 28375K, committed 28592K, reserved 1075200K
  class space    used 2624K, capacity 2816K, committed 2816K, reserved 1048576K
}
Event: 28.458 GC heap after
{Heap after GC invocations=105 (full 0):
 garbage-first heap   total 202752K, used 27793K [0x0000000702000000, 0x0000000800000000)
  region size 2048K, 1 young (2048K), 1 survivors (2048K)
 Metaspace       used 28000K, capacity 28375K, committed 28592K, reserved 1075200K
  class space    used 2624K, capacity 2816K, committed 2816K, reserved 1048576K
}
Event: 28.710 GC heap before
{Heap before GC invocations=105 (full 0):
 garbage-first heap   total 202752K, used 177297K [0x0000000702000000, 0x0000000800000000)
  region size 2048K, 59 young (120832K), 1 survivors (2048K)
 Metaspace       used 28000K, capacity 28375K, committed 28592K, reserved 1075200K
  class space    used 2624K, capacity 2816K, committed 2816K, reserved 1048576K
}
Event: 28.712 GC heap after
{Heap after GC invocations=106 (full 0):
 garbage-first heap   total 202752K, used 27797K [0x0000000702000000, 0x0000000800000000)
  region size 2048K, 1 young (2048K), 1 survivors (2048K)
 Metaspace       used 28000K, capacity 28375K, committed 28592K, reserved 1075200K
  class space    used 2624K, capacity 2816K, committed 2816K, reserved 1048576K
}
Event: 28.959 GC heap before
{Heap before GC invocations=106 (full 0):
 garbage-first heap   total 202752K, used 173205K [0x0000000702000000, 0x0000000800000000)
  region size 2048K, 59 young (120832K), 1 survivors (2048K)
 Metaspace       used 28000K, capacity 28375K, committed 28592K, reserved 1075200K
  class space    used 2624K, capacity 2816K, committed 2816K, reserved 1048576K
}
Event: 28.960 GC heap after
{Heap after GC invocations=107 (full 0):
 garbage-first heap   total 202752K, used 25722K [0x0000000702000000, 0x0000000800000000)
  region size 2048K, 1 young (2048K), 1 survivors (2048K)
 Metaspace       used 28000K, capacity 28375K, committed 28592K, reserved 1075200K
  class space    used 2624K, capacity 2816K, committed 2816K, reserved 1048576K
}
Event: 29.206 GC heap before
{Heap before GC invocations=107 (full 0):
 garbage-first heap   total 202752K, used 175226K [0x0000000702000000, 0x0000000800000000)
  region size 2048K, 59 young (120832K), 1 survivors (2048K)
 Metaspace       used 28000K, capacity 28375K, committed 28592K, reserved 1075200K
  class space    used 2624K, capacity 2816K, committed 2816K, reserved 1048576K
}
Event: 29.208 GC heap after
{Heap after GC invocations=108 (full 0):
 garbage-first heap   total 202752K, used 27796K [0x0000000702000000, 0x0000000800000000)
  region size 2048K, 1 young (2048K), 1 survivors (2048K)
 Metaspace       used 28000K, capacity 28375K, committed 28592K, reserved 1075200K
  class space    used 2624K, capacity 2816K, committed 2816K, reserved 1048576K
}
Event: 29.446 GC heap before
{Heap before GC invocations=108 (full 0):
 garbage-first heap   total 202752K, used 173204K [0x0000000702000000, 0x0000000800000000)
  region size 2048K, 59 young (120832K), 1 survivors (2048K)
 Metaspace       used 28000K, capacity 28375K, committed 28592K, reserved 1075200K
  class space    used 2624K, capacity 2816K, committed 2816K, reserved 1048576K
}
Event: 29.448 GC heap after
{Heap after GC invocations=109 (full 0):
 garbage-first heap   total 202752K, used 25698K [0x0000000702000000, 0x0000000800000000)
  region size 2048K, 1 young (2048K), 1 survivors (2048K)
 Metaspace       used 28000K, capacity 28375K, committed 28592K, reserved 1075200K
  class space    used 2624K, capacity 2816K, committed 2816K, reserved 1048576K
}
Event: 29.702 GC heap before
{Heap before GC invocations=109 (full 0):
 garbage-first heap   total 202752K, used 175202K [0x0000000702000000, 0x0000000800000000)
  region size 2048K, 59 young (120832K), 1 survivors (2048K)
 Metaspace       used 28000K, capacity 28375K, committed 28592K, reserved 1075200K
  class space    used 2624K, capacity 2816K, committed 2816K, reserved 1048576K
}
Event: 29.703 GC heap after
{Heap after GC invocations=110 (full 0):
 garbage-first heap   total 202752K, used 27796K [0x0000000702000000, 0x0000000800000000)
  region size 2048K, 1 young (2048K), 1 survivors (2048K)
 Metaspace       used 28000K, capacity 28375K, committed 28592K, reserved 1075200K
  class space    used 2624K, capacity 2816K, committed 2816K, reserved 1048576K
}
Event: 29.952 GC heap before
{Heap before GC invocations=110 (full 0):
 garbage-first heap   total 202752K, used 177300K [0x0000000702000000, 0x0000000800000000)
  region size 2048K, 59 young (120832K), 1 survivors (2048K)
 Metaspace       used 28000K, capacity 28375K, committed 28592K, reserved 1075200K
  class space    used 2624K, capacity 2816K, committed 2816K, reserved 1048576K
}
Event: 29.953 GC heap after
{Heap after GC invocations=111 (full 0):
 garbage-first heap   total 202752K, used 27830K [0x0000000702000000, 0x0000000800000000)
  region size 2048K, 1 young (2048K), 1 survivors (2048K)
 Metaspace       used 28000K, capacity 28375K, committed 28592K, reserved 1075200K
  class space    used 2624K, capacity 2816K, committed 2816K, reserved 1048576K
}
Event: 30.196 GC heap before
{Heap before GC invocations=111 (full 0):
 garbage-first heap   total 202752K, used 173238K [0x0000000702000000, 0x0000000800000000)
  region size 2048K, 59 young (120832K), 1 survivors (2048K)
 Metaspace       used 28000K, capacity 28375K, committed 28592K, reserved 1075200K
  class space    used 2624K, capacity 2816K, committed 2816K, reserved 1048576K
}
Event: 30.197 GC heap after
{Heap after GC invocations=112 (full 0):
 garbage-first heap   total 202752K, used 25706K [0x0000000702000000, 0x0000000800000000)
  region size 2048K, 1 young (2048K), 1 survivors (2048K)
 Metaspace       used 28000K, capacity 28375K, committed 28592K, reserved 1075200K
  class space    used 2624K, capacity 2816K, committed 2816K, reserved 1048576K
}
Event: 30.449 GC heap before
{Heap before GC invocations=112 (full 0):
 garbage-first heap   total 202752K, used 175210K [0x0000000702000000, 0x0000000800000000)
  region size 2048K, 59 young (120832K), 1 survivors (2048K)
 Metaspace       used 28000K, capacity 28375K, committed 28592K, reserved 1075200K
  class space    used 2624K, capacity 2816K, committed 2816K, reserved 1048576K
}
Event: 30.451 GC heap after
{Heap after GC invocations=113 (full 0):
 garbage-first heap   total 202752K, used 27814K [0x0000000702000000, 0x0000000800000000)
  region size 2048K, 1 young (2048K), 1 survivors (2048K)
 Metaspace       used 28000K, capacity 28375K, committed 28592K, reserved 1075200K
  class space    used 2624K, capacity 2816K, committed 2816K, reserved 1048576K
}
Event: 30.692 GC heap before
{Heap before GC invocations=113 (full 0):
 garbage-first heap   total 202752K, used 173222K [0x0000000702000000, 0x0000000800000000)
  region size 2048K, 59 young (120832K), 1 survivors (2048K)
 Metaspace       used 28000K, capacity 28375K, committed 28592K, reserved 1075200K
  class space    used 2624K, capacity 2816K, committed 2816K, reserved 1048576K
}
Event: 30.693 GC heap after
{Heap after GC invocations=114 (full 0):
 garbage-first heap   total 202752K, used 23635K [0x0000000702000000, 0x0000000800000000)
  region size 2048K, 1 young (2048K), 1 survivors (2048K)
 Metaspace       used 28000K, capacity 28375K, committed 28592K, reserved 1075200K
  class space    used 2624K, capacity 2816K, committed 2816K, reserved 1048576K
}

Deoptimization events (20 events):
Event: 19.733 Thread 0x00000214cac953a0 DEOPT PACKING pc=0x00000214ae04b42f sp=0x00000087197ff080
Event: 19.733 Thread 0x00000214cac953a0 DEOPT UNPACKING pc=0x00000214ad4ce23f sp=0x00000087197fe538 mode 0
Event: 19.967 Thread 0x00000214c919c020 DEOPT PACKING pc=0x00000214ae04a7e1 sp=0x00000087180ff060
Event: 19.967 Thread 0x00000214c919c020 DEOPT UNPACKING pc=0x00000214ad4ce23f sp=0x00000087180fe4f0 mode 0
Event: 20.200 Thread 0x00000214cac953a0 DEOPT PACKING pc=0x00000214ae04b42f sp=0x00000087197ff080
Event: 20.200 Thread 0x00000214cac953a0 DEOPT UNPACKING pc=0x00000214ad4ce23f sp=0x00000087197fe538 mode 0
Event: 20.681 Thread 0x00000214c919c020 DEOPT PACKING pc=0x00000214ae04a7e1 sp=0x00000087180ff060
Event: 20.681 Thread 0x00000214c919c020 DEOPT UNPACKING pc=0x00000214ad4ce23f sp=0x00000087180fe4f0 mode 0
Event: 20.683 Thread 0x00000214cac953a0 DEOPT PACKING pc=0x00000214ae04b42f sp=0x00000087197ff080
Event: 20.683 Thread 0x00000214cac953a0 DEOPT UNPACKING pc=0x00000214ad4ce23f sp=0x00000087197fe538 mode 0
Event: 21.147 Thread 0x00000214c919c020 DEOPT PACKING pc=0x00000214ae04a7e1 sp=0x00000087180ff060
Event: 21.147 Thread 0x00000214c919c020 DEOPT UNPACKING pc=0x00000214ad4ce23f sp=0x00000087180fe4f0 mode 0
Event: 21.362 Thread 0x00000214cac953a0 DEOPT PACKING pc=0x00000214ae04b42f sp=0x00000087197ff080
Event: 21.362 Thread 0x00000214cac953a0 DEOPT UNPACKING pc=0x00000214ad4ce23f sp=0x00000087197fe538 mode 0
Event: 21.584 Thread 0x00000214c919c020 DEOPT PACKING pc=0x00000214ae04a7e1 sp=0x00000087180ff060
Event: 21.584 Thread 0x00000214c919c020 DEOPT UNPACKING pc=0x00000214ad4ce23f sp=0x00000087180fe4f0 mode 0
Event: 21.827 Thread 0x00000214cac953a0 DEOPT PACKING pc=0x00000214ae04b42f sp=0x00000087197ff080
Event: 21.827 Thread 0x00000214cac953a0 DEOPT UNPACKING pc=0x00000214ad4ce23f sp=0x00000087197fe538 mode 0
Event: 24.622 Thread 0x00000214a9a78640 DEOPT PACKING pc=0x00000214ae042213 sp=0x00000087179fec50
Event: 24.622 Thread 0x00000214a9a78640 DEOPT UNPACKING pc=0x00000214ad4ce23f sp=0x00000087179fe178 mode 0

Classes unloaded (0 events):
No events

Classes redefined (0 events):
No events

Internal exceptions (20 events):
Event: 0.306 Thread 0x00000214a9a78640 Exception <a 'java/lang/NoSuchMethodError'{0x00000007115796f8}: 'java.lang.Object java.lang.invoke.DirectMethodHandle$Holder.invokeStaticInit(java.lang.Object)'> (0x00000007115796f8) 
thrown [./open/src/hotspot/share/interpreter/linkResolver.cpp, line 782]
Event: 0.327 Thread 0x00000214a9a78640 Exception <a 'java/lang/NoSuchMethodError'{0x00000007115ab4f8}: 'java.lang.Object java.lang.invoke.DirectMethodHandle$Holder.invokeInterface(java.lang.Object, java.lang.Object)'> (0x00000007115ab4f8) 
thrown [./open/src/hotspot/share/interpreter/linkResolver.cpp, line 782]
Event: 0.328 Thread 0x00000214a9a78640 Exception <a 'java/lang/NoSuchMethodError'{0x00000007115b4030}: 'java.lang.Object java.lang.invoke.DirectMethodHandle$Holder.invokeStaticInit(java.lang.Object, java.lang.Object, java.lang.Object)'> (0x00000007115b4030) 
thrown [./open/src/hotspot/share/interpreter/linkResolver.cpp, line 782]
Event: 0.331 Thread 0x00000214a9a78640 Exception <a 'java/lang/NoSuchMethodError'{0x00000007115d2bf8}: 'int java.lang.invoke.DirectMethodHandle$Holder.invokeInterface(java.lang.Object, java.lang.Object)'> (0x00000007115d2bf8) 
thrown [./open/src/hotspot/share/interpreter/linkResolver.cpp, line 782]
Event: 0.331 Thread 0x00000214a9a78640 Exception <a 'java/lang/IncompatibleClassChangeError'{0x00000007115d6698}: Found class java.lang.Object, but interface was expected> (0x00000007115d6698) 
thrown [./open/src/hotspot/share/interpreter/linkResolver.cpp, line 848]
Event: 0.332 Thread 0x00000214a9a78640 Exception <a 'java/lang/NoSuchMethodError'{0x00000007115dcde8}: 'void java.lang.invoke.DirectMethodHandle$Holder.invokeStatic(java.lang.Object, java.lang.Object)'> (0x00000007115dcde8) 
thrown [./open/src/hotspot/share/interpreter/linkResolver.cpp, line 782]
Event: 0.359 Thread 0x00000214a9a78640 Exception <a 'java/lang/NoSuchMethodError'{0x000000071126ae90}: 'int java.lang.invoke.DirectMethodHandle$Holder.invokeSpecial(java.lang.Object, java.lang.Object, java.lang.Object)'> (0x000000071126ae90) 
thrown [./open/src/hotspot/share/interpreter/linkResolver.cpp, line 782]
Event: 0.387 Thread 0x00000214a9a78640 Exception <a 'java/lang/NoSuchMethodError'{0x0000000711347018}: 'void java.lang.invoke.DirectMethodHandle$Holder.invokeStatic(java.lang.Object, java.lang.Object, java.lang.Object)'> (0x0000000711347018) 
thrown [./open/src/hotspot/share/interpreter/linkResolver.cpp, line 782]
Event: 0.683 Thread 0x00000214a9a78640 Exception <a 'java/lang/NoSuchMethodError'{0x000000071086da28}: 'java.lang.Object java.lang.invoke.DirectMethodHandle$Holder.invokeSpecial(java.lang.Object, java.lang.Object, long, int, int, int, int, int, java.lang.Object, int, java.lang.Object)'> (0x000000071086da28) 
thrown [./open/src/hotspot/share/interpreter/linkResolver.cpp, line 782]
Event: 0.684 Thread 0x00000214a9a78640 Exception <a 'java/lang/NoSuchMethodError'{0x0000000710871be8}: 'java.lang.Object java.lang.invoke.DelegatingMethodHandle$Holder.reinvoke_L(java.lang.Object, long, int, int, int, int, int, java.lang.Object, int, java.lang.Object)'> (0x0000000710871be8) 
thrown [./open/src/hotspot/share/interpreter/linkResolver.cpp, line 782]
Event: 0.693 Thread 0x00000214a9a78640 Exception <a 'java/lang/NoSuchMethodError'{0x00000007108fd078}: 'java.lang.Object java.lang.invoke.DirectMethodHandle$Holder.invokeSpecial(java.lang.Object, java.lang.Object, java.lang.Object, java.lang.Object, int)'> (0x00000007108fd078) 
thrown [./open/src/hotspot/share/interpreter/linkResolver.cpp, line 782]
Event: 0.693 Thread 0x00000214a9a78640 Exception <a 'java/lang/NoSuchMethodError'{0x0000000710900e38}: 'java.lang.Object java.lang.invoke.Invokers$Holder.linkToTargetMethod(java.lang.Object, java.lang.Object, int, java.lang.Object)'> (0x0000000710900e38) 
thrown [./open/src/hotspot/share/interpreter/linkResolver.cpp, line 782]
Event: 1.225 Thread 0x00000214a9a78640 Exception <a 'java/lang/NoClassDefFoundError'{0x00000007036a3980}: net/java/games/input/ControllerEnvironment> (0x00000007036a3980) 
thrown [./open/src/hotspot/share/classfile/systemDictionary.cpp, line 284]
Event: 1.338 Thread 0x00000214a9a78640 Exception <a 'java/lang/ClassNotFoundException'{0x0000000703791560}: sun/awt/resources/spi/awtProvider> (0x0000000703791560) 
thrown [./open/src/hotspot/share/classfile/systemDictionary.cpp, line 295]
Event: 1.341 Thread 0x00000214a9a78640 Exception <a 'java/io/FileNotFoundException'{0x00000007037a0850}> (0x00000007037a0850) 
thrown [./open/src/hotspot/share/prims/jni.cpp, line 578]
Event: 1.341 Thread 0x00000214a9a78640 Exception <a 'java/io/FileNotFoundException'{0x00000007037a1de0}> (0x00000007037a1de0) 
thrown [./open/src/hotspot/share/prims/jni.cpp, line 578]
Event: 1.488 Thread 0x00000214a9a78640 Exception <a 'java/lang/NoSuchMethodError'{0x00000007030ed6b0}: 'java.lang.Object java.lang.invoke.DirectMethodHandle$Holder.invokeSpecial(java.lang.Object, java.lang.Object, java.lang.Object, java.lang.Object, java.lang.Object, java.lang.Object, int)'> (0x00000007030ed6b0) 
thrown [./open/src/hotspot/share/interpreter/linkResolver.cpp, line 782]
Event: 11.640 Thread 0x00000214a9a78640 Exception <a 'java/lang/NoSuchMethodError'{0x0000000711052848}: 'void java.lang.invoke.DirectMethodHandle$Holder.invokeStaticInit(java.lang.Object, java.lang.Object)'> (0x0000000711052848) 
thrown [./open/src/hotspot/share/interpreter/linkResolver.cpp, line 782]
Event: 11.644 Thread 0x00000214a9a78640 Exception <a 'java/lang/NoSuchMethodError'{0x000000071107f8d8}: 'java.lang.Object java.lang.invoke.DirectMethodHandle$Holder.invokeStaticInit(java.lang.Object, int, int, int, int)'> (0x000000071107f8d8) 
thrown [./open/src/hotspot/share/interpreter/linkResolver.cpp, line 782]
Event: 11.677 Thread 0x00000214a9a78640 Exception <a 'java/lang/NoSuchMethodError'{0x00000007110e68d8}: 'java.lang.Object java.lang.invoke.DirectMethodHandle$Holder.invokeStaticInit(java.lang.Object, java.lang.Object, int, int, int, int)'> (0x00000007110e68d8) 
thrown [./open/src/hotspot/share/interpreter/linkResolver.cpp, line 782]

Events (20 events):
Event: 28.458 Executing VM operation: G1CollectForAllocation done
Event: 28.710 Executing VM operation: G1CollectForAllocation
Event: 28.712 Executing VM operation: G1CollectForAllocation done
Event: 28.958 Executing VM operation: G1CollectForAllocation
Event: 28.960 Executing VM operation: G1CollectForAllocation done
Event: 29.206 Executing VM operation: G1CollectForAllocation
Event: 29.208 Executing VM operation: G1CollectForAllocation done
Event: 29.446 Executing VM operation: G1CollectForAllocation
Event: 29.448 Executing VM operation: G1CollectForAllocation done
Event: 29.702 Executing VM operation: G1CollectForAllocation
Event: 29.703 Executing VM operation: G1CollectForAllocation done
Event: 29.951 Executing VM operation: G1CollectForAllocation
Event: 29.953 Executing VM operation: G1CollectForAllocation done
Event: 30.195 Executing VM operation: G1CollectForAllocation
Event: 30.197 Executing VM operation: G1CollectForAllocation done
Event: 30.449 Executing VM operation: G1CollectForAllocation
Event: 30.451 Executing VM operation: G1CollectForAllocation done
Event: 30.691 Executing VM operation: G1CollectForAllocation
Event: 30.692 Loaded shared library C:\Projet TPI\Code-TimeRewind\Workspace\CodeTimeRewind\libs\native\windows\lwjgl64.dll
Event: 30.693 Executing VM operation: G1CollectForAllocation done


Dynamic libraries:
0x00007ff7a2bf0000 - 0x00007ff7a2bfd000 	C:\Users\mathieu.rabot\.p2\pool\plugins\org.eclipse.justj.openjdk.hotspot.jre.full.win32.x86_64_15.0.1.v20201027-0507\jre\bin\javaw.exe
0x00007ff9ae080000 - 0x00007ff9ae270000 	C:\WINDOWS\SYSTEM32\ntdll.dll
0x00007ff9ac740000 - 0x00007ff9ac7f2000 	C:\WINDOWS\System32\KERNEL32.DLL
0x00007ff9abe80000 - 0x00007ff9ac125000 	C:\WINDOWS\System32\KERNELBASE.dll
0x00007ff9abc10000 - 0x00007ff9abd0a000 	C:\WINDOWS\System32\ucrtbase.dll
0x00007ff99eb80000 - 0x00007ff99eb98000 	C:\Users\mathieu.rabot\.p2\pool\plugins\org.eclipse.justj.openjdk.hotspot.jre.full.win32.x86_64_15.0.1.v20201027-0507\jre\bin\jli.dll
0x00007ff9963c0000 - 0x00007ff9963d9000 	C:\Users\mathieu.rabot\.p2\pool\plugins\org.eclipse.justj.openjdk.hotspot.jre.full.win32.x86_64_15.0.1.v20201027-0507\jre\bin\VCRUNTIME140.dll
0x00007ff9ac3b0000 - 0x00007ff9ac544000 	C:\WINDOWS\System32\USER32.dll
0x00007ff9ab140000 - 0x00007ff9ab161000 	C:\WINDOWS\System32\win32u.dll
0x00007ff99fd20000 - 0x00007ff99ffa4000 	C:\WINDOWS\WinSxS\amd64_microsoft.windows.common-controls_6595b64144ccf1df_6.0.18362.1379_none_9e7ff3b3e45cc0c4\COMCTL32.dll
0x00007ff9ac710000 - 0x00007ff9ac736000 	C:\WINDOWS\System32\GDI32.dll
0x00007ff9ad070000 - 0x00007ff9ad10e000 	C:\WINDOWS\System32\msvcrt.dll
0x00007ff9ab170000 - 0x00007ff9ab308000 	C:\WINDOWS\System32\gdi32full.dll
0x00007ff9acc00000 - 0x00007ff9acf37000 	C:\WINDOWS\System32\combase.dll
0x00007ff9aba90000 - 0x00007ff9abb2e000 	C:\WINDOWS\System32\msvcp_win.dll
0x00007ff9ac9d0000 - 0x00007ff9acaef000 	C:\WINDOWS\System32\RPCRT4.dll
0x00007ff9ab000000 - 0x00007ff9ab081000 	C:\WINDOWS\System32\bcryptPrimitives.dll
0x00007ff9ac940000 - 0x00007ff9ac96e000 	C:\WINDOWS\System32\IMM32.DLL
0x00007ff99ee40000 - 0x00007ff99ee4c000 	C:\Users\mathieu.rabot\.p2\pool\plugins\org.eclipse.justj.openjdk.hotspot.jre.full.win32.x86_64_15.0.1.v20201027-0507\jre\bin\vcruntime140_1.dll
0x00007ff996320000 - 0x00007ff9963b1000 	C:\Users\mathieu.rabot\.p2\pool\plugins\org.eclipse.justj.openjdk.hotspot.jre.full.win32.x86_64_15.0.1.v20201027-0507\jre\bin\msvcp140.dll
0x00007ff93f5e0000 - 0x00007ff94013e000 	C:\Users\mathieu.rabot\.p2\pool\plugins\org.eclipse.justj.openjdk.hotspot.jre.full.win32.x86_64_15.0.1.v20201027-0507\jre\bin\server\jvm.dll
0x00007ff9ac660000 - 0x00007ff9ac703000 	C:\WINDOWS\System32\ADVAPI32.dll
0x00007ff9ac5c0000 - 0x00007ff9ac657000 	C:\WINDOWS\System32\sechost.dll
0x00007ff9adf90000 - 0x00007ff9adf98000 	C:\WINDOWS\System32\PSAPI.DLL
0x00007ff9a24a0000 - 0x00007ff9a24a9000 	C:\WINDOWS\SYSTEM32\WSOCK32.dll
0x00007ff9a5c30000 - 0x00007ff9a5c3a000 	C:\WINDOWS\SYSTEM32\VERSION.dll
0x00007ff9ac550000 - 0x00007ff9ac5bf000 	C:\WINDOWS\System32\WS2_32.dll
0x00007ff9a4650000 - 0x00007ff9a4674000 	C:\WINDOWS\SYSTEM32\WINMM.dll
0x00007ff9a4620000 - 0x00007ff9a464d000 	C:\WINDOWS\SYSTEM32\winmmbase.dll
0x00007ff9abb60000 - 0x00007ff9abbaa000 	C:\WINDOWS\System32\cfgmgr32.dll
0x00007ff9aaf70000 - 0x00007ff9aaf81000 	C:\WINDOWS\System32\kernel.appcore.dll
0x00007ff9a1590000 - 0x00007ff9a159a000 	C:\Users\mathieu.rabot\.p2\pool\plugins\org.eclipse.justj.openjdk.hotspot.jre.full.win32.x86_64_15.0.1.v20201027-0507\jre\bin\jimage.dll
0x00007ff9a65e0000 - 0x00007ff9a67d4000 	C:\WINDOWS\SYSTEM32\DBGHELP.DLL
0x00007ff9a6480000 - 0x00007ff9a64aa000 	C:\WINDOWS\SYSTEM32\dbgcore.DLL
0x00007ff99e4c0000 - 0x00007ff99e4e5000 	C:\Users\mathieu.rabot\.p2\pool\plugins\org.eclipse.justj.openjdk.hotspot.jre.full.win32.x86_64_15.0.1.v20201027-0507\jre\bin\java.dll
0x00007ff99e4a0000 - 0x00007ff99e4b8000 	C:\Users\mathieu.rabot\.p2\pool\plugins\org.eclipse.justj.openjdk.hotspot.jre.full.win32.x86_64_15.0.1.v20201027-0507\jre\bin\zip.dll
0x00007ff9ad6f0000 - 0x00007ff9addd8000 	C:\WINDOWS\System32\SHELL32.dll
0x00007ff9ade60000 - 0x00007ff9adf07000 	C:\WINDOWS\System32\shcore.dll
0x00007ff9ab310000 - 0x00007ff9aba8b000 	C:\WINDOWS\System32\windows.storage.dll
0x00007ff9aaf40000 - 0x00007ff9aaf63000 	C:\WINDOWS\System32\profapi.dll
0x00007ff9aafb0000 - 0x00007ff9aaffa000 	C:\WINDOWS\System32\powrprof.dll
0x00007ff9aaf30000 - 0x00007ff9aaf40000 	C:\WINDOWS\System32\UMPDC.dll
0x00007ff9ac970000 - 0x00007ff9ac9c2000 	C:\WINDOWS\System32\shlwapi.dll
0x00007ff9abd10000 - 0x00007ff9abd27000 	C:\WINDOWS\System32\cryptsp.dll
0x00007ff99e320000 - 0x00007ff99e339000 	C:\Users\mathieu.rabot\.p2\pool\plugins\org.eclipse.justj.openjdk.hotspot.jre.full.win32.x86_64_15.0.1.v20201027-0507\jre\bin\net.dll
0x00007ff9a6840000 - 0x00007ff9a6930000 	C:\WINDOWS\SYSTEM32\WINHTTP.dll
0x00007ff9aa770000 - 0x00007ff9aa7d7000 	C:\WINDOWS\system32\mswsock.dll
0x00007ff99e070000 - 0x00007ff99e082000 	C:\Users\mathieu.rabot\.p2\pool\plugins\org.eclipse.justj.openjdk.hotspot.jre.full.win32.x86_64_15.0.1.v20201027-0507\jre\bin\nio.dll
0x00007ff99ee10000 - 0x00007ff99ee19000 	C:\Users\mathieu.rabot\.p2\pool\plugins\org.eclipse.justj.openjdk.hotspot.jre.full.win32.x86_64_15.0.1.v20201027-0507\jre\bin\management.dll
0x00007ff99edc0000 - 0x00007ff99edcb000 	C:\Users\mathieu.rabot\.p2\pool\plugins\org.eclipse.justj.openjdk.hotspot.jre.full.win32.x86_64_15.0.1.v20201027-0507\jre\bin\management_ext.dll
0x00007ff99ee00000 - 0x00007ff99ee10000 	C:\Users\mathieu.rabot\.p2\pool\plugins\org.eclipse.justj.openjdk.hotspot.jre.full.win32.x86_64_15.0.1.v20201027-0507\jre\bin\verify.dll
0x0000000180000000 - 0x0000000180053000 	C:\Projet TPI\Code-TimeRewind\Workspace\CodeTimeRewind\libs\native\windows\lwjgl64.dll
0x00007ff9912f0000 - 0x00007ff991446000 	C:\WINDOWS\SYSTEM32\OPENGL32.dll
0x00007ff99cf50000 - 0x00007ff99cf7c000 	C:\WINDOWS\SYSTEM32\GLU32.dll
0x00007ff9a9c10000 - 0x00007ff9a9c30000 	C:\WINDOWS\SYSTEM32\dxcore.dll
0x00007ff99bb00000 - 0x00007ff99bbae000 	C:\WINDOWS\SYSTEM32\mscms.dll
0x00007ff9aae10000 - 0x00007ff9aae35000 	C:\WINDOWS\SYSTEM32\USERENV.dll
0x00007ff99bab0000 - 0x00007ff99bac7000 	C:\WINDOWS\SYSTEM32\ColorAdapterClient.dll
0x00007ff9ac2e0000 - 0x00007ff9ac3a5000 	C:\WINDOWS\System32\OLEAUT32.dll
0x00007ff9acb50000 - 0x00007ff9acbf2000 	C:\WINDOWS\System32\clbcatq.dll
0x00007ff996300000 - 0x00007ff99631a000 	C:\Windows\System32\Windows.Internal.Graphics.Display.DisplayColorManagement.dll
0x00007ff9a9280000 - 0x00007ff9a9319000 	C:\WINDOWS\system32\uxtheme.dll
0x00007ff9ac800000 - 0x00007ff9ac935000 	C:\WINDOWS\System32\MSCTF.dll
0x00007ff924370000 - 0x00007ff925220000 	C:\WINDOWS\System32\DriverStore\FileRepository\iigd_dch.inf_amd64_520ffd05714dab67\ig9icd64.dll
0x00007ff9a97b0000 - 0x00007ff9a97dd000 	C:\WINDOWS\SYSTEM32\dwmapi.dll
0x00007ff9a9cd0000 - 0x00007ff9a9dbb000 	C:\WINDOWS\system32\dxgi.dll
0x00007ff99bdc0000 - 0x00007ff99be5d000 	C:\WINDOWS\System32\TextInputFramework.dll
0x00007ff99c280000 - 0x00007ff99c5aa000 	C:\WINDOWS\System32\CoreUIComponents.dll
0x00007ff9a8b20000 - 0x00007ff9a8bf4000 	C:\WINDOWS\System32\CoreMessaging.dll
0x00007ff9a5cc0000 - 0x00007ff9a5e12000 	C:\WINDOWS\SYSTEM32\wintypes.dll
0x00007ff9a9ee0000 - 0x00007ff9a9f11000 	C:\WINDOWS\SYSTEM32\ntmarta.dll
0x00007ff9a0100000 - 0x00007ff9a03a7000 	C:\WINDOWS\System32\iertutil.dll
0x00007ff991110000 - 0x00007ff991153000 	C:\WINDOWS\SYSTEM32\icm32.dll
0x00007ff998650000 - 0x00007ff99876a000 	C:\WINDOWS\System32\DriverStore\FileRepository\iigd_dch.inf_amd64_520ffd05714dab67\igdgmm64.dll
0x00007ff996680000 - 0x00007ff998648000 	C:\WINDOWS\System32\DriverStore\FileRepository\iigd_dch.inf_amd64_520ffd05714dab67\igc64.dll
0x00007ff97e370000 - 0x00007ff97e4ef000 	C:\Users\mathieu.rabot\.p2\pool\plugins\org.eclipse.justj.openjdk.hotspot.jre.full.win32.x86_64_15.0.1.v20201027-0507\jre\bin\awt.dll
0x00007ff9a90e0000 - 0x00007ff9a916f000 	C:\WINDOWS\SYSTEM32\apphelp.dll
0x00007ff99b7d0000 - 0x00007ff99b855000 	C:\Users\mathieu.rabot\.p2\pool\plugins\org.eclipse.justj.openjdk.hotspot.jre.full.win32.x86_64_15.0.1.v20201027-0507\jre\bin\freetype.dll
0x00007ff982e90000 - 0x00007ff982f39000 	C:\Users\mathieu.rabot\.p2\pool\plugins\org.eclipse.justj.openjdk.hotspot.jre.full.win32.x86_64_15.0.1.v20201027-0507\jre\bin\fontmanager.dll
0x00007ff9ad110000 - 0x00007ff9ad267000 	C:\WINDOWS\System32\ole32.dll
0x00007ff9aa290000 - 0x00007ff9aa2c3000 	C:\WINDOWS\system32\rsaenh.dll
0x00007ff9abb30000 - 0x00007ff9abb56000 	C:\WINDOWS\System32\bcrypt.dll
0x00007ff9aa940000 - 0x00007ff9aa94c000 	C:\WINDOWS\SYSTEM32\CRYPTBASE.dll
0x00007ff9aa420000 - 0x00007ff9aa45a000 	C:\WINDOWS\SYSTEM32\IPHLPAPI.DLL
0x00007ff9adf10000 - 0x00007ff9adf18000 	C:\WINDOWS\System32\NSI.dll
0x00007ff9a7800000 - 0x00007ff9a7816000 	C:\WINDOWS\SYSTEM32\dhcpcsvc6.DLL
0x00007ff9a7790000 - 0x00007ff9a77ac000 	C:\WINDOWS\SYSTEM32\dhcpcsvc.DLL
0x00007ff9aa460000 - 0x00007ff9aa52b000 	C:\WINDOWS\SYSTEM32\DNSAPI.dll

dbghelp: loaded successfully - version: 4.0.5 - missing functions: none
symbol engine: initialized successfully - sym options: 0x614 - pdb path: .;C:\Users\mathieu.rabot\.p2\pool\plugins\org.eclipse.justj.openjdk.hotspot.jre.full.win32.x86_64_15.0.1.v20201027-0507\jre\bin;C:\WINDOWS\SYSTEM32;C:\WINDOWS\WinSxS\amd64_microsoft.windows.common-controls_6595b64144ccf1df_6.0.18362.1379_none_9e7ff3b3e45cc0c4;C:\Users\mathieu.rabot\.p2\pool\plugins\org.eclipse.justj.openjdk.hotspot.jre.full.win32.x86_64_15.0.1.v20201027-0507\jre\bin\server;C:\Projet TPI\Code-TimeRewind\Workspace\CodeTimeRewind\libs\native\windows;C:\WINDOWS\System32\DriverStore\FileRepository\iigd_dch.inf_amd64_520ffd05714dab67

VM Arguments:
jvm_args: -Djava.library.path=C:\Projet TPI\Code-TimeRewind\Workspace\CodeTimeRewind\libs\native\windows -Dfile.encoding=UTF-8 -XX:+ShowCodeDetailsInExceptionMessages 
java_command: main.Main
java_class_path (initial): C:\Projet TPI\Code-TimeRewind\Workspace\CodeTimeRewind\bin;C:\Projet TPI\Code-TimeRewind\Workspace\CodeTimeRewind\libs\derbyjar\derbyshared.jar;C:\Projet TPI\Code-TimeRewind\Workspace\CodeTimeRewind\libs\derbyjar\derbyLocale_cs.jar;C:\Projet TPI\Code-TimeRewind\Workspace\CodeTimeRewind\libs\derbyjar\derbyLocale_de_DE.jar;C:\Projet TPI\Code-TimeRewind\Workspace\CodeTimeRewind\libs\derbyjar\derbyLocale_es.jar;C:\Projet TPI\Code-TimeRewind\Workspace\CodeTimeRewind\libs\derbyjar\derbyLocale_fr.jar;C:\Projet TPI\Code-TimeRewind\Workspace\CodeTimeRewind\libs\derbyjar\derbyLocale_hu.jar;C:\Projet TPI\Code-TimeRewind\Workspace\CodeTimeRewind\libs\derbyjar\derbyLocale_it.jar;C:\Projet TPI\Code-TimeRewind\Workspace\CodeTimeRewind\libs\derbyjar\derbyLocale_ja_JP.jar;C:\Projet TPI\Code-TimeRewind\Workspace\CodeTimeRewind\libs\derbyjar\derbyLocale_ko_KR.jar;C:\Projet TPI\Code-TimeRewind\Workspace\CodeTimeRewind\libs\derbyjar\derbyLocale_pl.jar;C:\Projet TPI\Code-TimeRewind\Workspace\CodeTimeRewind\libs\derbyjar\derbyLocale_pt_BR.jar;C:\Projet TPI\Code-TimeRewind\Workspace\CodeTimeRewind\libs\derbyjar\derbyLocale_ru.jar;C:\Projet TPI\Code-TimeRewind\Workspace\CodeTimeRewind\libs\derbyjar\derbyLocale_zh_CN.jar;C:\Projet TPI\Code-TimeRewind\Workspace\CodeTimeRewind\libs\derbyjar\derbyLocale_zh_TW.jar;C:\Projet TPI\Code-TimeRewind\Workspace\CodeTimeRewind\libs\derbyjar\derbyclient.jar;C:\Projet TPI\Code-TimeRewind\Workspace\CodeTimeRewind\libs\derbyjar\derby.jar;C:\Projet TPI\Code-TimeRewind\Workspace\CodeTimeRewind\libs\hamcrest-2.2.jar;C:\Projet TPI\Code-TimeRewind\Workspace\CodeTimeRewind\libs\javax.persistence_2.2.1.v201807122140.jar;C:\Projet TPI\Code-TimeRewind\Workspace\CodeTimeRewind\libs\junit-4.13.1.jar;C:\Projet TPI\Code-TimeRewind\Workspace\CodeTimeRewind\libs\lombok-1.18.4.jar;C:\Projet TPI\Code-TimeRewind\Workspace\CodeTimeRewind\libs\lwjgl.jar;C:\Projet TPI\Code-TimeRewind\Workspace\CodeTimeRewind\libs\lwjgl_util.jar;C:\Projet TPI\Code-Tim
Launcher Type: SUN_STANDARD

[Global flags]
     intx CICompilerCount                          = 4                                         {product} {ergonomic}
     uint ConcGCThreads                            = 2                                         {product} {ergonomic}
     uint G1ConcRefinementThreads                  = 8                                         {product} {ergonomic}
   size_t G1HeapRegionSize                         = 2097152                                   {product} {ergonomic}
    uintx GCDrainStackTargetSize                   = 64                                        {product} {ergonomic}
   size_t InitialHeapSize                          = 266338304                                 {product} {ergonomic}
   size_t MarkStackSize                            = 4194304                                   {product} {ergonomic}
   size_t MaxHeapSize                              = 4261412864                                {product} {ergonomic}
   size_t MaxNewSize                               = 2556428288                                {product} {ergonomic}
   size_t MinHeapDeltaBytes                        = 2097152                                   {product} {ergonomic}
   size_t MinHeapSize                              = 8388608                                   {product} {ergonomic}
    uintx NonNMethodCodeHeapSize                   = 5839372                                {pd product} {ergonomic}
    uintx NonProfiledCodeHeapSize                  = 122909434                              {pd product} {ergonomic}
    uintx ProfiledCodeHeapSize                     = 122909434                              {pd product} {ergonomic}
    uintx ReservedCodeCacheSize                    = 251658240                              {pd product} {ergonomic}
     bool SegmentedCodeCache                       = true                                      {product} {ergonomic}
     bool ShowCodeDetailsInExceptionMessages       = true                                   {manageable} {command line}
   size_t SoftMaxHeapSize                          = 4261412864                             {manageable} {ergonomic}
     bool UseCompressedClassPointers               = true                                 {lp64_product} {ergonomic}
     bool UseCompressedOops                        = true                                 {lp64_product} {ergonomic}
     bool UseG1GC                                  = true                                      {product} {ergonomic}
     bool UseLargePagesIndividualAllocation        = false                                  {pd product} {ergonomic}

Logging:
Log output configuration:
 #0: stdout all=warning uptime,level,tags
 #1: stderr all=off uptime,level,tags

Environment Variables:
PATH=C:/Users/mathieu.rabot/.p2/pool/plugins/org.eclipse.justj.openjdk.hotspot.jre.full.win32.x86_64_15.0.1.v20201027-0507/jre/bin/server;C:/Users/mathieu.rabot/.p2/pool/plugins/org.eclipse.justj.openjdk.hotspot.jre.full.win32.x86_64_15.0.1.v20201027-0507/jre/bin;C:\Program Files (x86)\Common Files\Oracle\Java\javapath;C:\Program Files (x86)\VMware\VMware Workstation\bin\;C:\WINDOWS\system32;C:\WINDOWS;C:\WINDOWS\System32\Wbem;C:\WINDOWS\System32\WindowsPowerShell\v1.0\;C:\WINDOWS\System32\OpenSSH\;C:\Program Files\PuTTY\;C:\Program Files\Git\cmd;C:\Program Files (x86)\Brackets\command;C:\Users\mathieu.rabot\AppData\Local\Microsoft\WindowsApps;C:\Users\mathieu.rabot\AppData\Local\Programs\Microsoft VS Code\bin;C:\Users\mathieu.rabot\AppData\Local\atom\bin;C:\Users\mathieu.rabot\eclipse\java-2020-122\eclipse;
USERNAME=mathieu.rabot
OS=Windows_NT
PROCESSOR_IDENTIFIER=Intel64 Family 6 Model 94 Stepping 3, GenuineIntel



---------------  S Y S T E M  ---------------

OS:
 Windows 10 , 64 bit Build 18362 (10.0.18362.1350)
OS uptime: 21 days 7:45 hours

CPU: total 8 (initial active 8) (4 cores per cpu, 2 threads per core) family 6 model 94 stepping 3 microcode 0xc6, cmov, cx8, fxsr, mmx, sse, sse2, sse3, ssse3, sse4.1, sse4.2, popcnt, vzeroupper, avx, avx2, aes, clmul, erms, rtm, 3dnowpref, lzcnt, ht, tsc, tscinvbit, bmi1, bmi2, adx, fma, clflush, clflushopt

Memory: 4k page, system-wide physical 16248M (6137M free)
TotalPageFile size 22471M (AvailPageFile size 2705M)
current process WorkingSet (physical memory assigned to process): 978M, peak: 983M
current process commit charge ("private bytes"): 967M, peak: 974M

vm_info: OpenJDK 64-Bit Server VM (15.0.1+9-18) for windows-amd64 JRE (15.0.1+9-18), built on Sep 15 2020 14:39:31 by "mach5one" with unknown MS VC++:1925

END.
